error: No autenticado
error: No autenticado
error: Error en la autenticación
error: Error en la autenticación
error: Error en la autenticación
error: No autenticado
error: Cannot read properties of undefined (reading 'replace')
error: No autenticado
error: No autenticado
error: Ha ocurrido un error inesperado.
error: Ha ocurrido un error inesperado.
error: Ha ocurrido un error inesperado.
error: No autenticado
error: No autenticado
error: No autenticado
error: No autenticado
error: No autenticado
error: No autenticado
error: No autenticado
error: Error al intentar conectarse a la base de datos.
error: Error al intentar conectarse .
error: Error al intentar conectarse.
error: Ha ocurrido un error inesperado.
error: No autenticado
error: Ha ocurrido un error inesperado.
error: Ha ocurrido un error inesperado.
error: Ha ocurrido un error inesperado.
error: Ha ocurrido un error inesperado.
error: Error en la base de datos
error: Error en la base de datos
error: Identificador inexistente
error: Error general en la aplicacion
error: Error general en la aplicacion
error: Error general en la aplicacion
error: Identificador inexistente
error: Identificador inexistente
error: Identificador inexistente
error: Error general en la aplicacion
error: Error general en la aplicacion
